[debug] [2021-03-03T10:50:42.499Z] ----------------------------------------------------------------------
[debug] [2021-03-03T10:50:42.501Z] Command:       C:\Program Files\nodejs\node.exe C:\Users\tusha\AppData\Roaming\npm\node_modules\firebase-tools\lib\bin\firebase.js init
[debug] [2021-03-03T10:50:42.502Z] CLI Version:   9.5.0
[debug] [2021-03-03T10:50:42.502Z] Platform:      win32
[debug] [2021-03-03T10:50:42.502Z] Node Version:  v14.15.4
[debug] [2021-03-03T10:50:42.503Z] Time:          Wed Mar 03 2021 16:20:42 GMT+0530 (India Standard Time)
[debug] [2021-03-03T10:50:42.504Z] ----------------------------------------------------------------------
[debug] [2021-03-03T10:50:42.504Z] 
[debug] [2021-03-03T10:50:42.511Z] > command requires scopes: ["email","openid","https://www.googleapis.com/auth/cloudplatformprojects.readonly","https://www.googleapis.com/auth/firebase","https://www.googleapis.com/auth/cloud-platform"]
[debug] [2021-03-03T10:50:42.511Z] > authorizing via signed-in user
[info] 
     ######## #### ########  ######## ########     ###     ######  ########
     ##        ##  ##     ## ##       ##     ##  ##   ##  ##       ##
     ######    ##  ########  ######   ########  #########  ######  ######
     ##        ##  ##    ##  ##       ##     ## ##     ##       ## ##
     ##       #### ##     ## ######## ########  ##     ##  ######  ########

You're about to initialize a Firebase project in this directory:

  C:\Users\tusha\OneDrive\Desktop\amazon-clone

[info] 
=== Project Setup
[info] 
[info] First, let's associate this project directory with a Firebase project.
[info] You can create multiple project aliases by running firebase use --add, 
[info] but for now we'll just set up a default project.
[info] 
[debug] [2021-03-03T10:54:38.407Z] > refreshing access token with scopes: []
[debug] [2021-03-03T10:54:38.408Z] >>> HTTP REQUEST POST https://www.googleapis.com/oauth2/v3/token  
 <request body omitted>
[debug] [2021-03-03T10:54:38.614Z] <<< HTTP RESPONSE 200 {"expires":"Mon, 01 Jan 1990 00:00:00 GMT","date":"Wed, 03 Mar 2021 10:54:39 GMT","pragma":"no-cache","cache-control":"no-cache, no-store, max-age=0, must-revalidate","content-type":"application/json; charset=utf-8","vary":"X-Origin, Referer, Origin,Accept-Encoding","server":"scaffolding on HTTPServer2","x-xss-protection":"0","x-frame-options":"SAMEORIGIN","x-content-type-options":"nosniff","alt-svc":"h3-29=\":443\"; ma=2592000,h3-T051=\":443\"; ma=2592000,h3-Q050=\":443\"; ma=2592000,h3-Q046=\":443\"; ma=2592000,h3-Q043=\":443\"; ma=2592000,quic=\":443\"; ma=2592000; v=\"46,43\"","accept-ranges":"none","transfer-encoding":"chunked"}
[debug] [2021-03-03T10:54:38.621Z] >>> [apiv2][query] GET https://firebase.googleapis.com/v1beta1/projects pageSize=100
[debug] [2021-03-03T10:54:39.206Z] <<< [apiv2][status] GET https://firebase.googleapis.com/v1beta1/projects 200
[debug] [2021-03-03T10:54:39.207Z] <<< [apiv2][body] GET https://firebase.googleapis.com/v1beta1/projects [omitted]
